"../../../Engine/Content/Functions/Engine_MaterialFunctions01/Opacity/CameraDepthFade.uasset" 0
"../../../Engine/Content/EngineMaterials/T_Default_Material_Grid_M.uasset" 1
"../../../Engine/Content/EngineMaterials/T_Default_Material_Grid_N.uasset" 2
"../../../Engine/Content/EngineMaterials/DefaultMaterial.uasset" 3
"../../../Engine/Content/BasicShapes/Cone.uasset" 4
"../../../Engine/Content/BasicShapes/Cylinder.uasset" 5
"../../../Engine/Content/BasicShapes/Sphere.uasset" 6
"../../../Engine/Content/EditorLandscapeResources/DataLayer.uasset" 7
"../../../Engine/Content/EditorMaterials/GizmoMaterial.uasset" 8
"../../../Engine/Content/EditorMaterials/MAT_Groups_Toggle.uasset" 9
"../../../Engine/Content/EditorMaterials/MAT_Groups_Visibility.uasset" 10
"../../../Engine/Content/EditorMaterials/PreviewShadowIndicator.uasset" 11
"../../../Engine/Content/EditorMaterials/PreviewShadowIndicatorMaterial.uasset" 12
"../../../Engine/Content/EditorMaterials/AssetViewer/EpicQuadPanorama_CC+EV1.uasset" 13
"../../../Engine/Content/EditorMaterials/MatineeGroups/MAT_ColorTrack.uasset" 14
"../../../Engine/Content/EditorMaterials/MatineeGroups/MAT_Groups_Anim.uasset" 15
"../../../Engine/Content/EditorMaterials/MatineeGroups/MAT_Groups_AudioMaster.uasset" 16
"../../../Engine/Content/EditorMaterials/MatineeGroups/MAT_Groups_Director.uasset" 17
"../../../Engine/Content/EditorMaterials/MatineeGroups/MAT_Groups_Event.uasset" 18
"../../../Engine/Content/EditorMaterials/MatineeGroups/MAT_Groups_Fade.uasset" 19
"../../../Engine/Content/EditorMaterials/MatineeGroups/MAT_Groups_Float.uasset" 20
"../../../Engine/Content/EditorMaterials/MatineeGroups/MAT_Groups_Move.uasset" 21
"../../../Engine/Content/EditorMaterials/MatineeGroups/MAT_Groups_Slomo.uasset" 22
"../../../Engine/Content/EditorMaterials/MatineeGroups/MAT_Groups_Sound.uasset" 23
"../../../Engine/Content/EditorMaterials/MatineeGroups/MAT_Groups_Vector.uasset" 24
"../../../Engine/Content/EditorMaterials/ParticleSystems/PSysThumbnail_NoImage.uasset" 25
"../../../Engine/Content/EditorMaterials/ParticleSystems/PSysThumbnail_OOD.uasset" 26
"../../../Engine/Content/EditorMaterials/Camera/CineMat.uasset" 27
"../../../Engine/Content/EditorMaterials/Camera/MI_CineMat_Rig.uasset" 28
"../../../Engine/Content/EditorMeshes/Camera/SM_CraneRig_Arm.uasset" 29
"../../../Engine/Content/EditorMeshes/Camera/SM_CraneRig_Base.uasset" 30
"../../../Engine/Content/EditorMeshes/Camera/SM_CraneRig_Body.uasset" 31
"../../../Engine/Content/EditorMeshes/Camera/SM_CraneRig_Mount.uasset" 32
"../../../Engine/Content/EditorMeshes/Camera/SM_RailRig_Mount.uasset" 33
"../../../Engine/Content/EditorMeshes/Camera/SM_RailRig_Track.uasset" 34
"../../../Engine/Content/EditorMeshes/ColorCalibrator/M_ChromeBall.uasset" 35
"../../../Engine/Content/EditorMeshes/ColorCalibrator/M_ClearCoat.uasset" 36
"../../../Engine/Content/EditorMeshes/ColorCalibrator/M_ClearCoatBlack.uasset" 37
"../../../Engine/Content/EditorMeshes/ColorCalibrator/T_ColorGrid.uasset" 38
"../../../Engine/Content/EditorMeshes/ColorCalibrator/M_ColorGrid.uasset" 39
"../../../Engine/Content/EditorMeshes/ColorCalibrator/M_GreyBall.uasset" 40
"../../../Engine/Content/EditorMeshes/ColorCalibrator/SM_ColorCalibrator.uasset" 41
"../../../Engine/Content/EditorResources/BSPVertex.uasset" 42
"../../../Engine/Content/EditorResources/EmptyActor.uasset" 43
"../../../Engine/Content/EditorResources/RGBTable16x1_AssetViewer.uasset" 44
"../../../Engine/Content/EditorResources/S_Actor.uasset" 45
"../../../Engine/Content/EditorResources/S_Trigger.uasset" 46
"../../../Engine/Content/EditorResources/AudioIcons/S_AudioComponent.uasset" 47
"../../../Engine/Content/EditorResources/AudioIcons/S_AudioComponent_AutoActivate.uasset" 48
"../../../Engine/Content/EditorResources/LightIcons/S_LightError.uasset" 49
"../../../Engine/Content/EditorResources/SequenceRecorder/Countdown.uasset" 50
"../../../Engine/Content/EditorResources/SequenceRecorder/RecordingIndicator.uasset" 51
"../../../Engine/Content/EditorSounds/Notifications/CompileFailed.uasset" 52
"../../../Engine/Content/EditorSounds/Notifications/CompileFailed_Cue.uasset" 53
"../../../Engine/Content/EditorSounds/Notifications/CompileSuccess.uasset" 54
"../../../Engine/Content/EditorSounds/Notifications/CompileStart_Cue.uasset" 55
"../../../Engine/Content/EditorSounds/Notifications/CompileSuccess_Cue.uasset" 56
"../../../Engine/Content/EngineDamageTypes/DmgTypeBP_Environmental.uasset" 57
"../../../Engine/Content/EngineDebugMaterials/HeatmapGradient.uasset" 58
"../../../Engine/Content/EngineDebugMaterials/BoneWeightMaterial.uasset" 59
"../../../Engine/Content/EngineDebugMaterials/DebugMeshMaterial.uasset" 60
"../../../Engine/Content/EngineDebugMaterials/GeomMaterial.uasset" 61
"../../../Engine/Content/EngineFonts/Faces/RobotoBold.uasset" 62
"../../../Engine/Content/EngineFonts/Faces/RobotoBoldItalic.uasset" 63
"../../../Engine/Content/EngineFonts/Faces/RobotoItalic.uasset" 64
"../../../Engine/Content/EngineFonts/Faces/RobotoLight.uasset" 65
"../../../Engine/Content/EngineFonts/Faces/RobotoRegular.uasset" 66
"../../../Engine/Content/EngineFonts/Roboto.uasset" 67
"../../../Engine/Content/EngineFonts/Faces/RobotoTiny.uasset" 68
"../../../Engine/Content/EngineFonts/RobotoTiny.uasset" 69
"../../../Engine/Content/EngineMaterials/DefaultBokeh.uasset" 70
"../../../Engine/Content/EngineMaterials/DefaultDiffuse.uasset" 71
"../../../Engine/Content/EngineMaterials/DefaultDeferredDecalMaterial.uasset" 72
"../../../Engine/Content/EngineMaterials/DefaultLightFunctionMaterial.uasset" 73
"../../../Engine/Content/Functions/Engine_MaterialFunctions02/Utility/BreakOutFloat2Components.uasset" 74
"../../../Engine/Content/EngineMaterials/DefaultPostProcessMaterial.uasset" 75
"../../../Engine/Content/EngineFonts/RobotoDistanceField.uasset" 76
"../../../Engine/Content/EngineMaterials/DefaultTextMaterialOpaque.uasset" 77
"../../../Engine/Content/EngineMaterials/DefaultWhiteGrid.uasset" 78
"../../../Engine/Content/EngineMaterials/EditorBrushMaterial.uasset" 79
"../../../Engine/Content/EngineMaterials/MiniFont.uasset" 80
"../../../Engine/Content/EngineMaterials/InvalidLightmapSettings.uasset" 81
"../../../Engine/Content/EngineMaterials/M_InvalidLightmapSettings.uasset" 82
"../../../Engine/Content/EngineMaterials/PhAT_JointLimitMaterial.uasset" 83
"../../../Engine/Content/EngineMaterials/PreintegratedSkinBRDF.uasset" 84
"../../../Engine/Content/EngineMaterials/RemoveSurfaceMaterial.uasset" 85
"../../../Engine/Content/EngineMaterials/WeightMapPlaceholderTexture.uasset" 86
"../../../Engine/Content/EngineResources/WhiteSquareTexture.uasset" 87
"../../../Engine/Content/EngineMaterials/Widget3DPassThrough.uasset" 88
"../../../Engine/Content/EngineMaterials/Widget3DPassThrough_Masked.uasset" 89
"../../../Engine/Content/EngineMaterials/Widget3DPassThrough_Opaque.uasset" 90
"../../../Engine/Content/EngineMaterials/Widget3DPassThrough_Masked_OneSided.uasset" 91
"../../../Engine/Content/EngineMaterials/Widget3DPassThrough_Opaque_OneSided.uasset" 92
"../../../Engine/Content/EngineMaterials/Widget3DPassThrough_Translucent.uasset" 93
"../../../Engine/Content/EngineMaterials/Widget3DPassThrough_Translucent_OneSided.uasset" 94
"../../../Engine/Content/EngineMeshes/Cube.uasset" 95
"../../../Engine/Content/EngineMeshes/Cylinder.uasset" 96
"../../../Engine/Content/EngineMeshes/Sphere.uasset" 97
"../../../Engine/Content/EngineResources/DefaultTexture.uasset" 98
"../../../Engine/Content/EngineResources/DefaultTextureCube.uasset" 99
"../../../Engine/Content/EngineResources/GradientTexture0.uasset" 100
"../../../Engine/Content/EngineSounds/Master.uasset" 101
"../../../Engine/Content/Functions/Engine_MaterialFunctions01/Shading/ConvertFromDiffSpec.uasset" 102
"../../../Engine/Content/Functions/Engine_MaterialFunctions01/Shading/PowerToRoughness.uasset" 103
"../../../Engine/Content/Maps/Templates/Thumbnails/Default.uasset" 104
"../../../Engine/Content/Maps/Templates/Thumbnails/VR-Basic.uasset" 105
"../../../Engine/Content/MobileResources/T_MobileControls_texture.uasset" 106
"../../../Engine/Content/MobileResources/T_MobileMenu2.uasset" 107
"../../../Engine/Content/MobileResources/HUD/AnalogHat.uasset" 108
"../../../Engine/Content/MobileResources/HUD/VirtualJoystick_Background.uasset" 109
"../../../Engine/Content/MobileResources/HUD/VirtualJoystick_Thumb.uasset" 110
"../../../Engine/Content/MobileResources/HUD/DefaultVirtualJoysticks.uasset" 111
"../../../Engine/Content/MobileResources/HUD/LeftVirtualJoystickOnly.uasset" 112
"../../../Engine/Content/MobileResources/HUD/MobileHUDButton1_off.uasset" 113
"../../../Engine/Content/MobileResources/HUD/MobileHUDButton1_on.uasset" 114
"../../../Engine/Content/MobileResources/HUD/MobileHUDButton2_off.uasset" 115
"../../../Engine/Content/MobileResources/HUD/MobileHUDButton2_on.uasset" 116
"../../../Engine/Content/MobileResources/HUD/MobileHUDButton3.uasset" 117
"../../../Engine/Content/MobileResources/HUD/MobileHUDButtonFire.uasset" 118
"../../../Engine/Content/MobileResources/HUD/MobileHUDDirectionPad.uasset" 119
"../../../Engine/Content/MobileResources/HUD/MobileHUDDirectionPad2.uasset" 120
"../../../Engine/Content/MobileResources/HUD/MobileHUDDirectionPad3.uasset" 121
"../../../Engine/Content/MobileResources/HUD/MobileHUDDirectionStick.uasset" 122
"../../../Engine/Content/MobileResources/HUD/T_Castle_ThumbstickInner.uasset" 123
"../../../Engine/Content/MobileResources/HUD/T_Castle_ThumbstickOutter.uasset" 124
"../../../Engine/Content/Tutorial/ContentIntroCurve.uasset" 125
"../../../Engine/Content/Tutorial/Basics/TutorialAssets/icon_tab_Levels_40x.uasset" 126
"../../../Engine/Content/Tutorial/BlueprintTutorials/TutorialAssets/BlueprintInterface_64x.uasset" 127
"../../../Engine/Content/Tutorial/BlueprintTutorials/TutorialAssets/BlueprintMacroLibrary_64x.uasset" 128
"../../../Engine/Content/Tutorial/BlueprintTutorials/TutorialAssets/Blueprint_64x.uasset" 129
"../../../Engine/Content/Tutorial/BlueprintTutorials/TutorialAssets/Tutorial_BP_Interface.uasset" 130
"../../../Engine/Content/Tutorial/Foliage/TutorialAssets/Foliage.uasset" 131
"../../../Engine/Content/Tutorial/Landscape/TutorialAssets/Landscape.uasset" 132
"../../../Engine/Content/Tutorial/Paper2D/TutorialAssets/Paper2DFlipbook_TutorialIcon.uasset" 133
"../../../Engine/Content/Tutorial/Paper2D/TutorialAssets/Paper2DSprite_TutorialIcon.uasset" 134
"../../../Engine/Content/Tutorial/SubEditors/TutorialAssets/icon_Editor_Preferences_General_40x.uasset" 135
"../../../Engine/Content/Tutorial/SubEditors/TutorialAssets/icon_ShowSkeletalMeshes_40x.uasset" 136
"../../../Engine/Content/Tutorial/SubEditors/TutorialAssets/TutorialMaterial.uasset" 137
"../../../Engine/Content/Tutorial/SubEditors/TutorialAssets/T_SmokeSubUV_8X8.uasset" 138
"../../../Engine/Content/Tutorial/SubEditors/TutorialAssets/T_soft_smoke.uasset" 139
"../../../Engine/Content/Tutorial/SubEditors/TutorialAssets/M_smoke_subUV_blackbody.uasset" 140
"../../../Engine/Content/Tutorial/SubEditors/TutorialAssets/TutorialParticleSystem.uasset" 141
"../../../Engine/Content/EngineMaterials/WorldGridMaterial.uasset" 142
"../../../Engine/Content/EditorMeshes/EditorCube.uasset" 143
"../../../Engine/Content/Tutorial/SubEditors/TutorialAssets/Tutorial_DM.uasset" 144
"../../../Engine/Content/VREditor/Devices/Generic/GenericHMDMaterial.uasset" 145
"../../../Engine/Content/VREditor/Devices/Generic/GenericHMD.uasset" 146
"../../../Engine/Content/VREditor/FloatingText/LineMaterial.uasset" 147
"../../../Engine/Content/VREditor/FloatingText/JointSphere.uasset" 148
"../../../Engine/Content/VREditor/FloatingText/LineSegmentCylinder.uasset" 149
"../../../Engine/Content/VREditor/Fonts/VRText_RobotoLarge.uasset" 150
"../../../Engine/Content/VREditor/Fonts/VRTextMaterial.uasset" 151
"../../../Engine/Content/VREditor/Fonts/TranslucentVRTextMaterial.uasset" 152
"../../../Engine/Content/VREditor/LaserPointer/VR_LaserPower_01.uasset" 153
"../../../Engine/Content/VREditor/LaserPointer/LaserPointerMaterial.uasset" 154
"../../../Engine/Content/VREditor/LaserPointer/LaserPointerMaterialInst.uasset" 155
"../../../Engine/Content/VREditor/LaserPointer/TranslucentLaserPointerMaterialInst.uasset" 156
"../../../Engine/Content/VREditor/LaserPointer/LaserPointerMesh.uasset" 157
"../../../Engine/Content/VREditor/Sounds/VR_grab_Cue.uasset" 158
"../../../Engine/Content/VREditor/Sounds/VR_teleport_Cue.uasset" 159
"../../../Engine/Content/VREditor/TransformGizmo/TransformGizmoMaterial.uasset" 160
"../../../Engine/Content/VREditor/TransformGizmo/TranslucentTransformGizmoMaterial.uasset" 161
"../../../Engine/Content/VREditor/TransformGizmo/BoundingBoxCorner.uasset" 162
"../../../Engine/Content/VREditor/TransformGizmo/BoundingBoxEdge.uasset" 163
"../../../Engine/Content/VREditor/TransformGizmo/PlaneTranslationHandle.uasset" 164
"../../../Engine/Content/VREditor/TransformGizmo/RotationHandle.uasset" 165
"../../../Engine/Content/VREditor/TransformGizmo/RotationHandleFull.uasset" 166
"../../../Engine/Content/VREditor/TransformGizmo/StretchingHandle.uasset" 167
"../../../Engine/Content/VREditor/TransformGizmo/TranslateHandleLong.uasset" 168
"../../../Engine/Content/VREditor/TransformGizmo/TranslationHandle.uasset" 169
"../../../Engine/Content/VREditor/TransformGizmo/UniformScaleHandle.uasset" 170
"../../../Engine/Content/VREditor/UI/CloseButtonMesh.uasset" 171
"../../../Engine/Content/VREditor/UI/SelectionBarMesh.uasset" 172
"../../../Engine/Content/Functions/Engine_MaterialFunctions01/Gradient/RadialGradient.uasset" 173
"../../../Engine/Content/VREditor/WorldMovementGrid/SimpleGrid.uasset" 174
"../../../Engine/Content/VREditor/WorldMovementGrid/GridMaterial.uasset" 175
"../../../Engine/Content/Functions/Engine_MaterialFunctions01/Density/ExponentialDensity.uasset" 176
"../../../Engine/Content/VREditor/WorldMovementGrid/GridPostProcess.uasset" 177
"../../../Engine/Content/EditorLandscapeResources/FlattenHeightMat.uasset" 178
"../../../Engine/Content/VREditor/WorldMovementGrid/PlaneMesh.uasset" 179
"../../../Lost/Content/Widgets/Hit.uasset" 180
"../../../Lost/Content/Pictures/Building.uasset" 181
"../../../Lost/Content/Pictures/campfire-logo.uasset" 182
"../../../Lost/Content/Pictures/DefencesImage.uasset" 183
"../../../Lost/Content/Pictures/Footman.uasset" 184
"../../../Lost/Content/Pictures/GoldCoins.uasset" 185
"../../../Lost/Content/Pictures/House.uasset" 186
"../../../Lost/Content/Pictures/kruis_arts.uasset" 187
"../../../Lost/Content/Pictures/wildtextures-old-paper-texture-3.uasset" 188
"../../../Lost/Content/Widgets/Test.uasset" 189
"../../../Lost/Content/Mannequin/Character/Mesh/UE4_Mannequin_Skeleton.uasset" 190
"../../../Lost/Content/Mannequin/Animations/ThirdPerson_Jump.uasset" 191
"../../../Lost/Content/Mannequin/Animations/ThirdPersonJump_Loop.uasset" 192
"../../../Lost/Content/Mannequin/Animations/ThirdPersonJump_Start.uasset" 193
"../../../Lost/Content/Mannequin/Animations/ThirdPersonIdle.uasset" 194
"../../../Lost/Content/Sounds/Footsteps/Footsteps_Grass_2_Sound_Effect_Cue.uasset" 195
"../../../Lost/Content/Mannequin/Animations/ThirdPersonRun.uasset" 196
"../../../Lost/Content/Mannequin/Animations/ThirdPersonWalk.uasset" 197
"../../../Lost/Content/Mannequin/Animations/ThirdPerson_IdleRun_2D.uasset" 198
"../../../Engine/Content/EditorBlueprintResources/StandardMacros.uasset" 199
"../../../Lost/Content/Mannequin/Animations/ThirdPerson_AnimBP.uasset" 200
"../../../Lost/Content/ThirdPersonBP/Blueprints/BP_Interfaces.uasset" 201
"../../../Lost/Content/StarterContent/Textures/T_MacroVariation.uasset" 202
"../../../Lost/Content/StarterContent/Textures/T_Wood_Oak_D.uasset" 203
"../../../Lost/Content/StarterContent/Textures/T_Wood_Oak_N.uasset" 204
"../../../Lost/Content/StarterContent/Materials/M_Wood_Oak.uasset" 205
"../../../Engine/Content/Functions/Engine_MaterialFunctions02/Utility/BlendAngleCorrectedNormals.uasset" 206
"../../../Engine/Content/Functions/MaterialLayerFunctions/MatLayerBlend_NormalBlend.uasset" 207
"../../../Engine/Content/Functions/MaterialLayerFunctions/MatLayerBlend_Simple.uasset" 208
"../../../Lost/Content/Mannequin/Character/Materials/MaterialLayers/T_ML_Rubber_Blue_01_D.uasset" 209
"../../../Lost/Content/Mannequin/Character/Materials/MaterialLayers/T_ML_Rubber_Blue_01_N.uasset" 210
"../../../Lost/Content/Mannequin/Character/Materials/MaterialLayers/ML_GlossyBlack_Latex_UE4.uasset" 211
"../../../Lost/Content/Mannequin/Character/Materials/MaterialLayers/ML_Plastic_Shiny_Beige.uasset" 212
"../../../Lost/Content/Mannequin/Character/Textures/UE4_LOGO_CARD.uasset" 213
"../../../Lost/Content/Mannequin/Character/Materials/MaterialLayers/ML_Plastic_Shiny_Beige_LOGO.uasset" 214
"../../../Lost/Content/Mannequin/Character/Materials/MaterialLayers/T_ML_Aluminum01.uasset" 215
"../../../Lost/Content/Mannequin/Character/Materials/MaterialLayers/T_ML_Aluminum01_N.uasset" 216
"../../../Lost/Content/Mannequin/Character/Materials/MaterialLayers/ML_SoftMetal_UE4.uasset" 217
"../../../Lost/Content/Mannequin/Character/Textures/UE4_Mannequin__normals.uasset" 218
"../../../Lost/Content/Mannequin/Character/Textures/UE4_Mannequin_MAT_MASKA.uasset" 219
"../../../Lost/Content/Mannequin/Character/Materials/M_UE4Man_Body.uasset" 220
"../../../Lost/Content/Mannequin/Character/Textures/UE4Man_Logo_N.uasset" 221
"../../../Lost/Content/Mannequin/Character/Materials/M_UE4Man_ChestLogo.uasset" 222
"../../../Lost/Content/Mannequin/Character/Mesh/SK_Mannequin_PhysicsAsset.uasset" 223
"../../../Lost/Content/Mannequin/Character/Mesh/SK_Mannequin.uasset" 224
"../../../Engine/Content/Functions/Engine_MaterialFunctions01/SpeedTree/SpeedTreeColorVariation.uasset" 225
"../../../Lost/Content/KiteDemo/Environments/Trees/HillTree_02/HillTree_01_Atlas_Billboards_Normal_Tex.uasset" 226
"../../../Lost/Content/KiteDemo/Environments/Trees/HillTree_02/HillTree_01_Atlas_Billboards_Tex.uasset" 227
"../../../Lost/Content/KiteDemo/Environments/Trees/HillTree_02/HillTree_01_Billboard_Mat.uasset" 228
"../../../Lost/Content/KiteDemo/Environments/Trees/HillTree_02/T_Craghead_Oak_LimbTile_02_D_Tex.uasset" 229
"../../../Lost/Content/KiteDemo/Environments/Trees/HillTree_02/T_Craghead_Oak_LimbTile_02_N_Tex.uasset" 230
"../../../Lost/Content/KiteDemo/Environments/Trees/HillTree_02/HillTree_01_Branches_2_Mat.uasset" 231
"../../../Lost/Content/KiteDemo/Environments/Trees/HillTree_02/T_Craghead_Oak_Tile_01_D_Tex.uasset" 232
"../../../Lost/Content/KiteDemo/Environments/Trees/HillTree_02/T_Craghead_Oak_Tile_01_N_Tex.uasset" 233
"../../../Lost/Content/KiteDemo/Environments/Trees/HillTree_02/T_Craghead_Oak_TileMoss_01_D_Tex.uasset" 234
"../../../Lost/Content/KiteDemo/Environments/Trees/HillTree_02/HillTree_01_Branches_Mat.uasset" 235
"../../../Lost/Content/KiteDemo/Environments/Trees/HillTree_02/HillTree_01_Fronds_Mat.uasset" 236
"../../../Lost/Content/KiteDemo/Environments/Trees/HillTree_02/HillTree_01_Atlas_Normal_Tex.uasset" 237
"../../../Lost/Content/KiteDemo/Environments/Trees/HillTree_02/HillTree_01_Atlas_Specular_Tex.uasset" 238
"../../../Lost/Content/KiteDemo/Environments/Trees/HillTree_02/HillTree_01_Atlas_Tex.uasset" 239
"../../../Lost/Content/KiteDemo/Environments/Trees/HillTree_02/HillTree_01_Leaves_Mat.uasset" 240
"../../../Engine/Content/Functions/Engine_MaterialFunctions02/Utility/VectorToRadialValue.uasset" 241
"../../../Engine/Content/ArtTools/RenderToTexture/MaterialFunctions/FoliageZRotation.uasset" 242
"../../../Engine/Content/Functions/Engine_MaterialFunctions02/Math/CreateThirdOrthogonalVector.uasset" 243
"../../../Engine/Content/Functions/Engine_MaterialFunctions02/Math/Pi.uasset" 244
"../../../Engine/Content/Functions/Engine_MaterialFunctions02/Utility/BreakOutFloat3Components.uasset" 245
"../../../Engine/Content/Functions/Engine_MaterialFunctions02/Math/Transform3x3Matrix.uasset" 246
"../../../Engine/Content/Functions/Engine_MaterialFunctions02/Utility/Sign.uasset" 247
"../../../Engine/Content/Functions/Engine_MaterialFunctions02/Utility/Round.uasset" 248
"../../../Engine/Content/Functions/Engine_MaterialFunctions02/ExampleContent/Textures/flipbook.uasset" 249
"../../../Engine/Content/Functions/Engine_MaterialFunctions02/Texturing/FlipBook.uasset" 250
"../../../Engine/Content/ArtTools/RenderToTexture/MaterialFunctions/ImposterUVs.uasset" 251
"../../../Engine/Content/Functions/Engine_MaterialFunctions02/ExampleContent/Textures/SphereRenderMask.uasset" 252
"../../../Lost/Content/KiteDemo/Environments/Trees/HillTree_02/T_HillTreeBillboard_01.uasset" 253
"../../../Lost/Content/KiteDemo/Environments/Trees/HillTree_02/T_HillTreeBillboard_01_Depth.uasset" 254
"../../../Lost/Content/KiteDemo/Environments/Trees/HillTree_02/T_HillTreeBillboard_01_N.uasset" 255
"../../../Lost/Content/KiteDemo/Environments/Trees/HillTree_02/T_HillTreeBillboard_01_S_R.uasset" 256
"../../../Lost/Content/KiteDemo/Environments/Trees/HillTree_02/T_HillTreeBillboard_01_SSS.uasset" 257
"../../../Lost/Content/KiteDemo/Environments/Trees/HillTree_02/M_CustomDepthBillboard.uasset" 258
"../../../Lost/Content/KiteDemo/Environments/Trees/HillTree_02/M_CustomDepthBillboard_Inst.uasset" 259
"../../../Lost/Content/KiteDemo/Environments/Trees/HillTree_02/HillTree_02.uasset" 260
"../../../Lost/Content/Sounds/PickupSounds/WoodPickupSound_Cue.uasset" 261
"../../../Lost/Content/Sounds/Trees/ChoppingWoodSound.uasset" 262
"../../../Lost/Content/Sounds/Trees/FALLING_TREE_SOUND_EFFECT_IN_HIGH_QUALITY.uasset" 263
"../../../Lost/Content/Collectables/Trees2.uasset" 264
"../../../Lost/Content/ThirdPersonBP/Blueprints/Woodcutter.uasset" 265
"../../../Lost/Content/Fonts/RINGM___.uasset" 266
"../../../Lost/Content/Fonts/RINGM____Font.uasset" 267
"../../../Lost/Content/Pictures/BorderAI.uasset" 268
"../../../Lost/Content/Widgets/AICommands.uasset" 269
"../../../Lost/Content/ThirdPersonBP/Blueprints/Archer.uasset" 270
"../../../Lost/Content/Objects/Everything/Sword/Textures/detail_sword.uasset" 271
"../../../Lost/Content/Objects/Everything/Sword/DetailSword.uasset" 272
"../../../Lost/Content/StarterContent/Textures/T_Metal_Copper_D.uasset" 273
"../../../Lost/Content/StarterContent/Textures/T_Metal_Gold_N.uasset" 274
"../../../Lost/Content/StarterContent/Materials/M_Metal_Copper.uasset" 275
"../../../Lost/Content/Objects/Everything/Sword/sword2_blade.uasset" 276
"../../../Lost/Content/ThirdPersonBP/Blueprints/Footman.uasset" 277
"../../../Engine/Content/BasicShapes/BasicShapeMaterial.uasset" 278
"../../../Lost/Content/Objects/Everything/House/Materials/Textures/wood_planks-d.uasset" 279
"../../../Lost/Content/Objects/Everything/House/Materials/WoodPlanks.uasset" 280
"../../../Engine/Content/BasicShapes/Cube.uasset" 281
"../../../Engine/Content/BasicShapes/Plane.uasset" 282
"../../../Lost/Content/Pictures/Archer.uasset" 283
"../../../Lost/Content/Widgets/Barracks.uasset" 284
"../../../Lost/Content/Buildings/Building/Barracks.uasset" 285
"../../../Lost/Content/Objects/Everything/Sword/Textures/base_sword.uasset" 286
"../../../Lost/Content/Objects/Everything/Sword/BaseSword.uasset" 287
"../../../Lost/Content/Objects/Everything/Sword/Textures/blade.uasset" 288
"../../../Lost/Content/Objects/Everything/Sword/BladeClean.uasset" 289
"../../../Lost/Content/Objects/Everything/Sword/Textures/blade_0.uasset" 290
"../../../Lost/Content/Objects/Everything/Sword/BladeRust.uasset" 291
"../../../Lost/Content/Objects/Everything/Sword/sword2_detail_1.uasset" 292
"../../../Lost/Content/Objects/Everything/Sword/sword2_detail_2.uasset" 293
"../../../Lost/Content/Objects/Everything/Sword/sword2_Sword_cord.uasset" 294
"../../../Lost/Content/Buildings/Building/Items/Sword.uasset" 295
"../../../Lost/Content/StarterContent/Textures/T_Brick_Clay_Old_D.uasset" 296
"../../../Lost/Content/StarterContent/Textures/T_Brick_Clay_Old_N.uasset" 297
"../../../Lost/Content/StarterContent/Textures/T_Perlin_Noise_M.uasset" 298
"../../../Lost/Content/StarterContent/Materials/M_Brick_Clay_Old.uasset" 299
"../../../Lost/Content/StarterContent/Textures/T_Concrete_Tiles_D.uasset" 300
"../../../Lost/Content/StarterContent/Textures/T_Concrete_Tiles_M.uasset" 301
"../../../Lost/Content/StarterContent/Textures/T_Concrete_Tiles_N.uasset" 302
"../../../Lost/Content/StarterContent/Textures/T_Concrete_Tiles_Variation_M.uasset" 303
"../../../Lost/Content/StarterContent/Materials/M_Concrete_Tiles.uasset" 304
"../../../Lost/Content/Buildings/Building/StaticMeshes/BlacksmithStatic.uasset" 305
"../../../Lost/Content/Objects/Everything/Anvil/Textures/anvil_default_color.uasset" 306
"../../../Lost/Content/Objects/Everything/Anvil/Anvil.uasset" 307
"../../../Lost/Content/Objects/Everything/Anvil/zimCreateArchive_AnvilFBX_object1.uasset" 308
"../../../Lost/Content/Objects/Everything/Trunck/trn_Log2.uasset" 309
"../../../Lost/Content/Objects/Everything/Trunck/trn_Log.uasset" 310
"../../../Lost/Content/Pictures/iron.uasset" 311
"../../../Lost/Content/Pictures/IronBar.uasset" 312
"../../../Lost/Content/Widgets/Blacksmith.uasset" 313
"../../../Lost/Content/Buildings/Building/Blacksmith.uasset" 314
"../../../Lost/Content/Buildings/Building/Campfire/Mesh/lambert1.uasset" 315
"../../../Lost/Content/Buildings/Building/Campfire/Mesh/campfire.uasset" 316
"../../../Lost/Content/StarterContent/Audio/Fire01_Cue.uasset" 317
"../../../Lost/Content/StarterContent/Textures/T_Fire_SubUV.uasset" 318
"../../../Lost/Content/StarterContent/Textures/T_Fire_Tiled_D.uasset" 319
"../../../Lost/Content/StarterContent/Particles/Materials/M_Fire_SubUV.uasset" 320
"../../../Lost/Content/StarterContent/Textures/T_Water_N.uasset" 321
"../../../Lost/Content/StarterContent/Particles/Materials/M_Heat_Distortion.uasset" 322
"../../../Lost/Content/StarterContent/Particles/Materials/M_Radial_Gradient.uasset" 323
"../../../Lost/Content/StarterContent/Textures/T_Smoke_SubUV.uasset" 324
"../../../Lost/Content/StarterContent/Textures/T_Smoke_Tiled_D.uasset" 325
"../../../Lost/Content/StarterContent/Particles/Materials/M_smoke_subUV.uasset" 326
"../../../Lost/Content/StarterContent/Particles/P_Fire.uasset" 327
"../../../Lost/Content/Pictures/Wood.uasset" 328
"../../../Lost/Content/Widgets/CampfireUsage.uasset" 329
"../../../Lost/Content/Buildings/Building/Campfire/Mesh/CampfireBuilding.uasset" 330
"../../../Lost/Content/StarterContent/Textures/T_Wood_Walnut_D.uasset" 331
"../../../Lost/Content/StarterContent/Textures/T_Wood_Walnut_N.uasset" 332
"../../../Lost/Content/StarterContent/Materials/M_Wood_Walnut.uasset" 333
"../../../Lost/Content/StarterContent/Textures/T_Brick_Clay_Beveled_D.uasset" 334
"../../../Lost/Content/StarterContent/Textures/T_Brick_Clay_Beveled_M.uasset" 335
"../../../Lost/Content/StarterContent/Textures/T_Brick_Clay_Beveled_N.uasset" 336
"../../../Lost/Content/StarterContent/Materials/M_Brick_Clay_Beveled.uasset" 337
"../../../Lost/Content/StarterContent/Textures/T_Wood_Floor_Walnut_D.uasset" 338
"../../../Lost/Content/StarterContent/Textures/T_Wood_Floor_Walnut_M.uasset" 339
"../../../Lost/Content/StarterContent/Textures/T_Wood_Floor_Walnut_N.uasset" 340
"../../../Lost/Content/StarterContent/Materials/M_Wood_Floor_Walnut_Polished.uasset" 341
"../../../Lost/Content/Buildings/Building/StaticMeshes/CastleKeepStatic.uasset" 342
"../../../Lost/Content/Objects/Everything/Storage/trn_BedsideTable2.uasset" 343
"../../../Lost/Content/Objects/Everything/Storage/trn_BedsideTable.uasset" 344
"../../../Lost/Content/Widgets/CastleKeepChest.uasset" 345
"../../../Lost/Content/Widgets/CastleKeepName.uasset" 346
"../../../Lost/Content/Pictures/FlagEmblems/Crusaders.uasset" 347
"../../../Lost/Content/Pictures/FlagEmblems/Dragon.uasset" 348
"../../../Lost/Content/Pictures/FlagEmblems/Euro.uasset" 349
"../../../Lost/Content/Pictures/FlagEmblems/SponsorsOnly.uasset" 350
"../../../Lost/Content/Pictures/FlagEmblems/Star.uasset" 351
"../../../Lost/Content/Pictures/FlagEmblems/Swords.uasset" 352
"../../../Lost/Content/Pictures/StoneText.uasset" 353
"../../../Lost/Content/Widgets/FlagCustomization.uasset" 354
"../../../Lost/Content/Buildings/Building/CastleKeep.uasset" 355
"../../../Lost/Content/Objects/Everything/Carrot/Textures/trn_Carrot_AlbedoTransparency.uasset" 356
"../../../Lost/Content/Objects/Everything/Carrot/trn_Carrot_AlbedoTransparency_Mat.uasset" 357
"../../../Lost/Content/Objects/Everything/Tables/Textures/LongTable.uasset" 358
"../../../Lost/Content/Objects/Everything/Tables/LongTable_Mat.uasset" 359
"../../../Lost/Content/Objects/Everything/Tables/Textures/RoundTable.uasset" 360
"../../../Lost/Content/Objects/Everything/Tables/RoundTable_Mat.uasset" 361
"../../../Lost/Content/Objects/Everything/Tomato/Textures/trn_Tomato_AlbedoTransparency.uasset" 362
"../../../Lost/Content/Objects/Everything/Tomato/Tomato.uasset" 363
"../../../Lost/Content/Objects/Everything/Carrot/trn_Carrot_000.uasset" 364
"../../../Lost/Content/Objects/Everything/Carrot/trn_Carrot.uasset" 365
"../../../Lost/Content/Objects/Everything/Tables/trn_TableLong_001.uasset" 366
"../../../Lost/Content/Objects/Everything/Tables/trn_TableLong.uasset" 367
"../../../Lost/Content/Objects/Everything/Tables/trn_TableRound2.uasset" 368
"../../../Lost/Content/Objects/Everything/Tables/trn_TableRound.uasset" 369
"../../../Lost/Content/Objects/Everything/Tomato/trn_Tomato_001.uasset" 370
"../../../Lost/Content/Objects/Everything/Tomato/trn_Tomato.uasset" 371
"../../../Lost/Content/Pictures/cloth.uasset" 372
"../../../Lost/Content/Pictures/planks.uasset" 373
"../../../Lost/Content/Pictures/Stone.uasset" 374
"../../../Lost/Content/Sounds/Money/MoneySold.uasset" 375
"../../../Lost/Content/Widgets/Market.uasset" 376
"../../../Lost/Content/Buildings/Building/Market.uasset" 377
"../../../Lost/Content/Objects/TorchesAndBoxes/Textures/TreeBark.uasset" 378
"../../../Lost/Content/Objects/TorchesAndBoxes/Material__46.uasset" 379
"../../../Lost/Content/Objects/TorchesAndBoxes/Textures/BlackFoam.uasset" 380
"../../../Lost/Content/Objects/TorchesAndBoxes/Material__58.uasset" 381
"../../../Lost/Content/Objects/TorchesAndBoxes/StandingTorch.uasset" 382
"../../../Lost/Content/Buildings/Building/StandingTorch.uasset" 383
"../../../Lost/Content/StarterContent/Textures/T_CobbleStone_Rough_D.uasset" 384
"../../../Lost/Content/StarterContent/Textures/T_CobbleStone_Rough_N.uasset" 385
"../../../Lost/Content/StarterContent/Textures/T_Gradinet_01.uasset" 386
"../../../Lost/Content/StarterContent/Textures/T_Rock_Smooth_Granite_D.uasset" 387
"../../../Lost/Content/StarterContent/Materials/M_CobbleStone_Rough.uasset" 388
"../../../Lost/Content/Buildings/Building/StaticMeshes/StoneTower.uasset" 389
"../../../Lost/Content/Buildings/Building/StoneTower.uasset" 390
"../../../Lost/Content/Objects/TorchesAndBoxes/Textures/Torch2.uasset" 391
"../../../Lost/Content/Objects/TorchesAndBoxes/Torch2_Mat.uasset" 392
"../../../Lost/Content/Objects/TorchesAndBoxes/Textures/Torch3.uasset" 393
"../../../Lost/Content/Objects/TorchesAndBoxes/Torch3_Mat.uasset" 394
"../../../Lost/Content/Objects/TorchesAndBoxes/Textures/Torch.uasset" 395
"../../../Lost/Content/Objects/TorchesAndBoxes/Torch_Mat.uasset" 396
"../../../Lost/Content/Buildings/Building/StaticMeshes/StoneWall.uasset" 397
"../../../Lost/Content/Objects/TorchesAndBoxes/Textures/Group15825Mat.uasset" 398
"../../../Lost/Content/Objects/TorchesAndBoxes/Torch_Group15825.uasset" 399
"../../../Lost/Content/Objects/TorchesAndBoxes/Textures/Group1799_MashalMat.uasset" 400
"../../../Lost/Content/Objects/TorchesAndBoxes/Torch_Group1799_Mashal.uasset" 401
"../../../Lost/Content/Objects/TorchesAndBoxes/Textures/Group63307Mat.uasset" 402
"../../../Lost/Content/Objects/TorchesAndBoxes/Torch_Group63307.uasset" 403
"../../../Lost/Content/Buildings/Building/StoneWallBp.uasset" 404
"../../../Lost/Content/Buildings/Building/StaticMeshes/WoodenWall.uasset" 405
"../../../Lost/Content/Buildings/Building/WoodenWallBP.uasset" 406
"../../../Lost/Content/Buildings/Building/StaticMeshes/Foundation/FoundationTexture.uasset" 407
"../../../Lost/Content/Buildings/Building/StaticMeshes/Foundation/FoundationMaterial.uasset" 408
"../../../Lost/Content/Objects/Everything/Barrel/Textures/trn_Barrel_AlbedoTransparency.uasset" 409
"../../../Lost/Content/Objects/Everything/Barrel/Barrel.uasset" 410
"../../../Lost/Content/Objects/Everything/Chandelier/Textures/Chandelier.uasset" 411
"../../../Lost/Content/Objects/Everything/Chandelier/Chandelier_Mat.uasset" 412
"../../../Lost/Content/Objects/Everything/House/Materials/Textures/windows_glas-d.uasset" 413
"../../../Lost/Content/Objects/Everything/House/Materials/Glass.uasset" 414
"../../../Lost/Content/Objects/Everything/House/Materials/Textures/walls_plaster-d.uasset" 415
"../../../Lost/Content/Objects/Everything/House/Materials/PlasterWall.uasset" 416
"../../../Lost/Content/Objects/Everything/House/Materials/Textures/roof_hatch-d.uasset" 417
"../../../Lost/Content/Objects/Everything/House/Materials/Roof.uasset" 418
"../../../Lost/Content/Objects/Everything/House/Materials/Textures/wood_floor-d.uasset" 419
"../../../Lost/Content/Objects/Everything/House/Materials/WoodenFloor2.uasset" 420
"../../../Lost/Content/Objects/Everything/House/Materials/Textures/wood_pillar-d.uasset" 421
"../../../Lost/Content/Objects/Everything/House/Materials/WoodPillar.uasset" 422
"../../../Lost/Content/Objects/Everything/Storage/Textures/Albedo.uasset" 423
"../../../Lost/Content/Objects/Everything/Storage/Cupboard.uasset" 424
"../../../Lost/Content/Objects/Everything/Storage/Textures/trn_Cupboard_Bottom_AlbedoTransparency.uasset" 425
"../../../Lost/Content/Objects/Everything/Storage/CupboardBottom.uasset" 426
"../../../Lost/Content/Objects/Everything/Storage/Textures/Rack.uasset" 427
"../../../Lost/Content/Objects/Everything/Storage/Rack_Mat.uasset" 428
"../../../Lost/Content/Objects/Everything/Storage/Textures/CupboardDoor.uasset" 429
"../../../Lost/Content/Objects/Everything/Storage/ToolCupboardDoor.uasset" 430
"../../../Lost/Content/Buildings/Building/StaticMeshes/Foundation/pCylinder19Mat.uasset" 431
"../../../Lost/Content/Buildings/Building/StaticMeshes/Foundation/foundation.uasset" 432
"../../../Lost/Content/Objects/Everything/Barrel/T_trn_Barrel.uasset" 433
"../../../Lost/Content/Objects/Everything/Barrel/trn_Barrel.uasset" 434
"../../../Lost/Content/Objects/Everything/Candle3/trn_Candle4.uasset" 435
"../../../Lost/Content/Objects/Everything/Candle3/trn_Candle_half.uasset" 436
"../../../Lost/Content/Objects/Everything/Chandelier/trn_Chandelier_001.uasset" 437
"../../../Lost/Content/Objects/Everything/Chandelier/trn_Chandelier.uasset" 438
"../../../Lost/Content/Objects/Everything/House/roof_hatch.uasset" 439
"../../../Lost/Content/Objects/Everything/House/roof_wood.uasset" 440
"../../../Lost/Content/Objects/Everything/House/walls_plaster.uasset" 441
"../../../Lost/Content/Objects/Everything/House/windows_glas.uasset" 442
"../../../Lost/Content/Objects/Everything/House/wood_floor.uasset" 443
"../../../Lost/Content/Objects/Everything/House/wood_pillar.uasset" 444
"../../../Lost/Content/Objects/Everything/House/wood_planks.uasset" 445
"../../../Lost/Content/Objects/Everything/House/p3d_medieval_enterable_bld-13.uasset" 446
"../../../Lost/Content/Objects/Everything/Storage/trn_Cupboard_Bottom.uasset" 447
"../../../Lost/Content/Objects/Everything/Storage/trn_Cupboard_Top.uasset" 448
"../../../Lost/Content/Objects/Everything/Storage/trn_Cupboard_trn_Cupboard.uasset" 449
"../../../Lost/Content/Objects/Everything/Storage/trn_Cupboard_Door.uasset" 450
"../../../Lost/Content/Objects/Everything/Storage/trn_Cupboard_trn_CupboardDoor_Right.uasset" 451
"../../../Lost/Content/Objects/Everything/Storage/trn_Rack.uasset" 452
"../../../Lost/Content/Objects/Everything/Storage/trn_Rack_trn_Rack.uasset" 453
"../../../Lost/Content/Buildings/Building/WoodHouse.uasset" 454
"../../../Lost/Content/Buildings/Building/StaticMeshes/WoodTower.uasset" 455
"../../../Lost/Content/Buildings/Building/WoodTower.uasset" 456
"../../../Lost/Content/Objects/Everything/Storage/Textures/Pantry.uasset" 457
"../../../Lost/Content/Objects/Everything/Storage/Pantry_Mat.uasset" 458
"../../../Lost/Content/Objects/Everything/Houtzagerij/polySurface10Mat.uasset" 459
"../../../Lost/Content/Objects/Everything/Houtzagerij/houtzagerij_polySurface10.uasset" 460
"../../../Lost/Content/Sounds/Trees/SawingWood.uasset" 461
"../../../Lost/Content/Widgets/WorckBench.uasset" 462
"../../../Lost/Content/Buildings/Building/Workbench.uasset" 463
"../../../Lost/Content/Sounds/BlacksmithSounds/BlacksmithSoundEffect.uasset" 464
"../../../Lost/Content/Sounds/DeadSound/SCREAMS_-_Man_Screaming_SOUND_EFFECT.uasset" 465
"../../../Lost/Content/Sounds/DeadSound/SCREAMS_-_Man_Screaming_SOUND_EFFECT_Cue.uasset" 466
"../../../Lost/Content/Sounds/PageTurnBook/Page_turn_sound_effect_Cue.uasset" 467
"../../../Lost/Content/Fonts/HandWriting.uasset" 468
"../../../Lost/Content/Pictures/Bandage.uasset" 469
"../../../Lost/Content/Pictures/Campfire.uasset" 470
"../../../Lost/Content/Pictures/Foundation.uasset" 471
"../../../Lost/Content/Pictures/GreenBorder.uasset" 472
"../../../Lost/Content/Sounds/QuestComplete/QuestComplete_converted_Cue.uasset" 473
"../../../Lost/Content/Widgets/HUD.uasset" 474
"../../../Lost/Content/Widgets/Dead.uasset" 475
"../../../Lost/Content/Widgets/InteractWidget.uasset" 476
"../../../Lost/Content/Pictures/BtnBorder.uasset" 477
"../../../Lost/Content/Pictures/oldButton.uasset" 478
"../../../Lost/Content/Widgets/Inventory.uasset" 479
"../../../Lost/Content/ThirdPersonBP/Blueprints/ThirdPersonCharacter.uasset" 480
"../../../Lost/Content/Pictures/Check.uasset" 481
"../../../Lost/Content/Pictures/IronPic.uasset" 482
"../../../Lost/Content/Pictures/Mushrooms.uasset" 483
"../../../Lost/Content/Pictures/OpenBook.uasset" 484
"../../../Lost/Content/Widgets/TutorialBook.uasset" 485
"../../../Engine/Plugins/2D/Paper2D/Content/DummySprite.uasset" 486
"../../../Engine/Plugins/2D/Paper2D/Content/DefaultPaperTerrainMaterial.uasset" 487
"../../../Engine/Plugins/2D/Paper2D/Content/DefaultSpriteMaterial.uasset" 488
"../../../Engine/Plugins/2D/Paper2D/Content/MaskedUnlitSpriteMaterial.uasset" 489
"../../../Engine/Plugins/2D/Paper2D/Content/OpaqueUnlitSpriteMaterial.uasset" 490
"../../../Engine/Plugins/2D/Paper2D/Content/PlaceholderTextures/DummySpriteTexture.uasset" 491
"../../../Lost/Content/KiteDemo/Environments/Foliage/BogMyrtle_01/BogMyrtle_01_Atlas_Normal_Tex.uasset" 492
"../../../Lost/Content/KiteDemo/Environments/Foliage/BogMyrtle_01/BogMyrtle_01_Atlas_Tex.uasset" 493
"../../../Lost/Content/KiteDemo/Environments/Foliage/BogMyrtle_01/T_BogMyrtleBtm_01_D.uasset" 494
"../../../Lost/Content/KiteDemo/Environments/Foliage/BogMyrtle_01/T_BogMyrtleBtm_01_N.uasset" 495
"../../../Lost/Content/KiteDemo/Environments/Foliage/BogMyrtle_01/BogMyrtle_01_Fronds_Mat.uasset" 496
"../../../Lost/Content/KiteDemo/Environments/Foliage/BogMyrtle_01/BogMyrtle_01_Atlas_Billboards_Normal_Tex.uasset" 497
"../../../Lost/Content/KiteDemo/Environments/Foliage/BogMyrtle_01/BogMyrtle_01_Atlas_Billboards_Tex.uasset" 498
"../../../Lost/Content/KiteDemo/Environments/Foliage/BogMyrtle_01/BogMyrtle_01_Billboard_Mat.uasset" 499
"../../../Lost/Content/KiteDemo/Environments/Foliage/BogMyrtleBush_01/BogMyrtleBush_01_Atlas_Billboards_Normal_Tex.uasset" 500
"../../../Lost/Content/KiteDemo/Environments/Foliage/BogMyrtleBush_01/BogMyrtleBush_01_Atlas_Billboards_Tex.uasset" 501
"../../../Lost/Content/KiteDemo/Environments/Foliage/BogMyrtleBush_01/MI_BogMyrtleBush_01_Billboard.uasset" 502
"../../../Lost/Content/KiteDemo/Environments/Foliage/BogMyrtleBush_01/BogMyrtleBush_01.uasset" 503
"../../../Lost/Content/Sounds/PickupSounds/Bush_Hiding_Sound_Effect_Cue.uasset" 504
"../../../Lost/Content/Collectables/ClothPlant.uasset" 505
"../../../Engine/Content/Functions/Engine_MaterialFunctions01/Gradient/LinearGradient.uasset" 506
"../../../Engine/Content/Functions/Engine_MaterialFunctions01/ImageAdjustment/CheapContrast.uasset" 507
"../../../Engine/Content/EngineMaterials/FlatNormal.uasset" 508
"../../../Engine/Content/EngineResources/Black.uasset" 509
"../../../Lost/Content/KiteDemo/Textures/T_CliffRock_03_N.uasset" 510
"../../../Lost/Content/KiteDemo/Textures/T_CliffRockTile_03_D.uasset" 511
"../../../Lost/Content/KiteDemo/Material/M_Photoscan_Master.uasset" 512
"../../../Lost/Content/KiteDemo/Environments/Trees/Vegetation_Debris_002/T_Vegetation_Debris_002_N.uasset" 513
"../../../Lost/Content/KiteDemo/Environments/Trees/Vegetation_Debris_002/T_Vegetation_Debris_002_D_R.uasset" 514
"../../../Lost/Content/KiteDemo/Environments/Trees/Vegetation_Debris_002/MI_Vegetation_Debris_002.uasset" 515
"../../../Lost/Content/KiteDemo/Environments/Trees/Vegetation_Debris_002/SM_Vegetation_Debris_002.uasset" 516
"../../../Lost/Content/Collectables/Wood2.uasset" 517
"../../../Lost/Content/ThirdPersonBP/Blueprints/ThirdPersonGameMode.uasset" 518
"../../../Lost/Content/ThirdPersonBP/Maps/ThirdPersonExampleMap_BuiltData.uasset" 519
"../../../Lost/Content/KiteDemo/Environments/GroundTiles/Grass/T_Ground_Grass_N.uasset" 520
"../../../Lost/Content/KiteDemo/Environments/GroundTiles/Grass/T_GDC_Grass01_D_NoisyAlpha.uasset" 521
"../../../Lost/Content/KiteDemo/Environments/GroundTiles/Grass/T_MacroVariation.uasset" 522
"../../../Lost/Content/KiteDemo/Environments/GroundTiles/Grass/T_Perlin_Noise_M.uasset" 523
"../../../Lost/Content/KiteDemo/Environments/GroundTiles/Grass/M_Ground_Grass2.uasset" 524
"../../../Lost/Content/StarterContent/Textures/T_Ground_Grass_D.uasset" 525
"../../../Lost/Content/StarterContent/Textures/T_Ground_Grass_N.uasset" 526
"../../../Lost/Content/StarterContent/Materials/M_Ground_Grass.uasset" 527
"../../../Lost/Content/KiteDemo/Material/WorldCoords-XY.uasset" 528
"../../../Lost/Content/KiteDemo/Environments/Foliage/Grass/FieldGrass/T_FieldGrass_01_D.uasset" 529
"../../../Lost/Content/KiteDemo/Environments/Foliage/Grass/FieldGrass/T_FieldGrass_02_M.uasset" 530
"../../../Lost/Content/KiteDemo/Environments/Textures/T_Water_N.uasset" 531
"../../../Lost/Content/KiteDemo/Environments/Foliage/Grass/FieldGrass/M_FieldGrass_01.uasset" 532
"../../../Lost/Content/KiteDemo/Environments/Foliage/Grass/FieldGrass/M_FieldGrass_Inst_01.uasset" 533
"../../../Lost/Content/KiteDemo/Environments/Foliage/Grass/FieldGrass/M_FieldGrass_Inst_01_LOD1.uasset" 534
"../../../Lost/Content/KiteDemo/Environments/Foliage/Grass/FieldGrass/M_FieldGrass_Inst_01_LOD2.uasset" 535
"../../../Lost/Content/KiteDemo/Environments/Foliage/Grass/FieldGrass/SM_FieldGrass_01.uasset" 536
"../../../Lost/Content/Sounds/Music/Creepy.uasset" 537
"../../../Lost/Content/Multiplayer/MultiplayerInstance.uasset" 538
"../../../Lost/Content/Widgets/Loadingscreen.uasset" 539
"../../../Lost/Content/Widgets/SessionButton.uasset" 540
"../../../Lost/Content/Widgets/MainMenu.uasset" 541
"../../../Lost/Content/ThirdPersonBP/Maps/ThirdPersonExampleMap.umap" 542
"../../../Lost/Content/Objects/Wolf/Wolf_Body.uasset" 543
"../../../Lost/Content/Objects/Wolf/Body.uasset" 544
"../../../Lost/Content/Objects/Wolf/Wolf_Eyes_1.uasset" 545
"../../../Lost/Content/Objects/Wolf/Eyes.uasset" 546
"../../../Lost/Content/Objects/Wolf/Wolf_Fur.uasset" 547
"../../../Lost/Content/Objects/Wolf/Fur.uasset" 548
"../../../Lost/Content/Objects/Wolf/AnimationsWolf/claws.uasset" 549
"../../../Lost/Content/Objects/Wolf/AnimationsWolf/eyes.uasset" 550
"../../../Lost/Content/Objects/Wolf/AnimationsWolf/fur__fella3_jpg_001.uasset" 551
"../../../Lost/Content/Objects/Wolf/AnimationsWolf/Material__wolf_col_tga.uasset" 552
"../../../Lost/Content/Objects/Wolf/AnimationsWolf/teeth__nor2_tga.uasset" 553
"../../../Lost/Content/Objects/Wolf/AnimationsWolf/Wolf_with_Animations_Skeleton.uasset" 554
"../../../Lost/Content/Objects/Wolf/AnimationsWolf/Wolf_with_Animations.uasset" 555
"../../../Lost/Content/ThirdPersonBP/Blueprints/Bot.uasset" 556
"../../../Engine/Content/EditorBlueprintResources/ActorMacros.uasset" 557
"../../../Engine/Content/EngineSky/C_Sky_Cloud_Color.uasset" 558
"../../../Engine/Content/EngineSky/C_Sky_Horizon_Color.uasset" 559
"../../../Engine/Content/EngineSky/C_Sky_Zenith_Color.uasset" 560
"../../../Engine/Content/EngineSky/T_Sky_Blue.uasset" 561
"../../../Engine/Content/EngineSky/T_Sky_Clouds_M.uasset" 562
"../../../Engine/Content/EngineSky/T_Sky_Stars.uasset" 563
"../../../Engine/Content/EngineSky/M_Sky_Panning_Clouds2.uasset" 564
"../../../Engine/Content/EngineSky/SM_SkySphere.uasset" 565
"../../../Engine/Content/EngineSky/BP_Sky_Sphere.uasset" 566
"../../../Lost/Content/KiteDemo/Environments/Rocks/Large_Volcanic_Rock_001/T_GDC_LargeVolcanicRock_001_N.uasset" 567
"../../../Lost/Content/KiteDemo/Environments/Rocks/Large_Volcanic_Rock_001/T_GDC_LargeVolcanicRock_001_D2_R.uasset" 568
"../../../Lost/Content/KiteDemo/Environments/Rocks/Large_Volcanic_Rock_001/MI_Large_VolcanicRock_002.uasset" 569
"../../../Lost/Content/KiteDemo/Environments/Rocks/Large_Volcanic_Rock_001/LargeVolcanicRock_004.uasset" 570
"../../../Lost/Content/Sounds/PickupSounds/StonePickupSound_Cue.uasset" 571
"../../../Lost/Content/Collectables/Iron.uasset" 572
"../../../Engine/Content/Functions/Engine_MaterialFunctions01/WorldPositionOffset/SimpleGrassWind.uasset" 573
"../../../Engine/Content/Functions/Engine_MaterialFunctions02/ObjectLocalToWorldData.uasset" 574
"../../../Engine/Content/Functions/Engine_MaterialFunctions02/Utility/VectorLength.uasset" 575
"../../../Engine/Content/Functions/Engine_MaterialFunctions02/WorldPositionOffset/ObjectScale.uasset" 576
"../../../Engine/Content/Functions/Engine_MaterialFunctions02/PivotPainter/PivotPainter_PerObjectData.uasset" 577
"../../../Engine/Content/Functions/Engine_MaterialFunctions02/WorldPositionOffset/Wind.uasset" 578
"../../../Engine/Content/Functions/Engine_MaterialFunctions02/PivotPainter/PivotPainter_PerObjectFoliageData.uasset" 579
"../../../Engine/Content/Functions/Engine_MaterialFunctions02/Texturing/ScreenAlignedPixelToPixelUVs.uasset" 580
"../../../Engine/Content/EngineMaterials/Good64x64TilingNoiseHighFreq.uasset" 581
"../../../Engine/Content/Functions/Engine_MaterialFunctions02/Utility/DitherTemporalAA.uasset" 582
"../../../Lost/Content/KiteDemo/Environments/Foliage/Flowers/Heather/T_HeatherBranch4_D.uasset" 583
"../../../Lost/Content/KiteDemo/Environments/Foliage/Flowers/Heather/T_HeatherBranch4_Mask2.uasset" 584
"../../../Lost/Content/KiteDemo/Environments/Foliage/Flowers/Heather/T_HeatherBranch4_N.uasset" 585
"../../../Lost/Content/KiteDemo/Environments/Foliage/Flowers/Heather/T_Ice_Noise.uasset" 586
"../../../Lost/Content/KiteDemo/Environments/Textures/T_Water_Screen_Noise_Soft.uasset" 587
"../../../Lost/Content/KiteDemo/Environments/Foliage/Flowers/Heather/M_HeatherNew_Master.uasset" 588
"../../../Lost/Content/KiteDemo/Environments/Textures/T_GDC_TilingRocks_01_DispMask.uasset" 589
"../../../Lost/Content/KiteDemo/Environments/Foliage/Flowers/Heather/M_HeatherPatches_Inst2.uasset" 590
"../../../Lost/Content/KiteDemo/Environments/Textures/MPC_Terrain.uasset" 591
"../../../Lost/Content/KiteDemo/Environments/Foliage/Flowers/Heather/T_Grass_Blobby_Height_01.uasset" 592
"../../../Lost/Content/KiteDemo/Environments/Foliage/Flowers/Heather/M_HeatherNew_MasterWorldColorVarience.uasset" 593
"../../../Lost/Content/KiteDemo/Environments/Foliage/Flowers/Heather/M_HeatherPatches_Inst2_BrownPinkVairience.uasset" 594
"../../../Lost/Content/KiteDemo/Environments/Foliage/Flowers/Heather/M_HeatherPatches_Inst2_BrownPinkVairience_NoWind.uasset" 595
"../../../Lost/Content/KiteDemo/Environments/Foliage/Flowers/Heather/SM_Heather_Mesh_Clumps2_WorldPopulate.uasset" 596
"../../../Lost/Content/Sounds/Eating/Eat_Noise_Sound_Effect__Download_Link__Cue.uasset" 597
"../../../Lost/Content/Collectables/Mushroom.uasset" 598
"../../../Lost/Content/KiteDemo/Environments/Rocks/Large_Volcanic_Rock_001/LargeVolcanicRock_001.uasset" 599
"../../../Lost/Content/Collectables/Stone.uasset" 600
"../../../Lost/Content/KiteDemo/Environments/Trees/HillTree_02/HillTree_01_Leaves_Mat2.uasset" 601
"../../../Lost/Content/KiteDemo/Environments/Trees/HillTree_Tall_02/HillTree_Tall_01_Atlas_Billboards_Normal_Tex.uasset" 602
"../../../Lost/Content/KiteDemo/Environments/Trees/HillTree_Tall_02/HillTree_Tall_01_Atlas_Billboards_Tex.uasset" 603
"../../../Lost/Content/KiteDemo/Environments/Trees/HillTree_Tall_02/HillTree_Tall_01_Billboard_Mat.uasset" 604
"../../../Lost/Content/KiteDemo/Environments/Trees/HillTree_Tall_02/HillTree_Tall_02.uasset" 605
"../../../Lost/Content/Collectables/Trees.uasset" 606
"../../../Lost/Content/KiteDemo/Environments/Trees/Tree_Stump_01/D_Tree_Stump_01_N.uasset" 607
"../../../Lost/Content/KiteDemo/Environments/Trees/Tree_Stump_01/D_Tree_Stump_01_D_R.uasset" 608
"../../../Lost/Content/KiteDemo/Environments/Trees/Tree_Stump_01/MI_Tree_Stump_01.uasset" 609
"../../../Lost/Content/KiteDemo/Environments/Trees/Tree_Stump_01/Tree_Stump_01.uasset" 610
"../../../Lost/Content/Collectables/Wood.uasset" 611
"../../../Lost/Content/StarterContent/Materials/Dirt_LayerInfo.uasset" 612
"../../../Lost/Content/StarterContent/Materials/Grass_LayerInfo.uasset" 613
"../../../Lost/Content/StarterContent/Materials/Rock_LayerInfo.uasset" 614
"../../../Lost/Content/StarterContent/Materials/M_Water_Lake.uasset" 615
"../../../Lost/Content/StarterContent/Textures/T_Water_M.uasset" 616
"../../../Lost/Content/StarterContent/Materials/M_Water_Ocean.uasset" 617
"../../../Lost/Content/StarterContent/Textures/T_Ground_Gravel_D.uasset" 618
"../../../Lost/Content/StarterContent/Textures/T_Ground_Gravel_N.uasset" 619
"../../../Lost/Content/StarterContent/Textures/T_Rock_Slate_D.uasset" 620
"../../../Lost/Content/StarterContent/Textures/T_Rock_Slate_N.uasset" 621
"../../../Lost/Content/StarterContent/Materials/TerrainMat.uasset" 622
"../../../Engine/Content/EngineMaterials/DefaultPhysicalMaterial.uasset" 623
"../../../Lost/Content/Sounds/Eating/DrinkingWater.uasset" 624
"../../../Lost/Content/Sounds/Music/MedievalMusic_Cue.uasset" 625
"../../../Lost/Content/StarterContent/Audio/Starter_Birds01.uasset" 626
"../../../Lost/Content/Widgets/ESCmenu.uasset" 627
"../../../Lost/Content/ThirdPersonBP/Maps/Survival.umap" 628
